2020-07-20 09:50:49 INFO  Log:26 - Token: eyJ0eXAiOiJKV1QiLCJhbGciOiJIUzI1NiJ9.eyJyb2xlcyI6IiIsInN1YmplY3RfYXBwbGljYXRpb24iOiI1ZjEyOWEzM2ZhMWFhMDAwMTJmMjJjMzUiLCJleHAiOjE1OTU4MzI2NDgsImlhdCI6MTU5NTIyNzg0OCwiYXVkIjoiNWYxMjlhMzNmYTFhYTAwMDEyZjIyYzM1IiwiaXNzIjoiR3Jhdml0eSIsImp0aSI6IjVmMTUzZWM4NmYwZDJjMDAwZGUzNjEwYSJ9.UoRcKVr46cV14mwG2CKjseEhPu10x4uk05dB8Nhf8ko
2020-07-20 09:50:50 INFO  Log:26 - Search results: {"total_count":2618,"offset":0,"q":"Gustav Klimt","_links":{"self":{"href":"https://api.artsy.net/api/search?offset=0&q=Gustav+Klimt&size=10"},"next":{"href":"https://api.artsy.net/api/search?offset=10&q=Gustav+Klimt&size=10"}},"_embedded":{"results":[{"type":"artist","title":"Gustav Klimt","description":null,"og_type":"artist","_links":{"self":{"href":"https://api.artsy.net/api/artists/4d8b92b64eb68a1b2c000414"},"permalink":{"href":"https://www.artsy.net/artist/gustav-klimt"},"thumbnail":{"href":"https://d32dm0rphc51dk.cloudfront.net/n3RTu8EOaXrq3UCBXjh1Ag/square.jpg"}}},{"type":"show","title":"Gustav Klimt","description":null,"og_type":"show","_links":{"self":{"href":"https://api.artsy.net/api/shows/5e7a28c9b17538000fd2e5a1"},"permalink":{"href":"https://www.artsy.net/show/peter-harrington-gallery-gustav-klimt"},"thumbnail":{"href":"https://d32dm0rphc51dk.cloudfront.net/QHWrOoKCHYEGjFqrlF_dLw/square.jpg"}}},{"type":"show","title":"Gustav Klimt - Drawings","description":null,"og_type":"show","_links":{"self":{"href":"https://api.artsy.net/api/shows/5b48a0bf61a02b0cf9765dcb"},"permalink":{"href":"https://www.artsy.net/show/w-and-k-wienerroither-and-kohlbacher-gustav-klimt-drawings"},"thumbnail":{"href":"https://d32dm0rphc51dk.cloudfront.net/Ansut5AU18BFcx6MCb4SVw/square.jpg"}}},{"type":"show","title":"In Print: The Legacy of Gustav Klimt and Egon Schiele","description":null,"og_type":"show","_links":{"self":{"href":"https://api.artsy.net/api/shows/5b3f9575c9dc245c32ec9524"},"permalink":{"href":"https://www.artsy.net/show/jason-jacques-gallery-in-print-the-legacy-of-gustav-klimt-and-egon-schiele"},"thumbnail":{"href":"https://d32dm0rphc51dk.cloudfront.net/J7kmiDFR8F77O-M5Eiw2Jg/square.jpg"}}},{"type":"artwork","title":"Gustav Klimt, Gustav Klimt. Derni?re gerbe (1931)","description":"Elephant quarto. Publisherís deluxe binding in golden ripple-textured leather, title in gilt within embossed red background on front board, rebacked in later brown sheep, golden turn-ins, cream watered silk endpapers, untrimmed. Housed in the publisherís red card slipcase with title in red within embossed gilt background on front board. With 30 full page mounted collotype plates of which 15 are in colour with heightened metallic inks after Klimt. Sheet sizes: 48.3 x 45.7 cm., 48.3 ? 45.7 cm","og_type":"artwork","_links":{"self":{"href":"https://api.artsy.net/api/artworks/5eda6300c05a790012ee7b0e"},"permalink":{"href":"https://www.artsy.net/artwork/5eda6300c05a790012ee7b0e"},"thumbnail":{"href":"https://d32dm0rphc51dk.cloudfront.net/IcA8VOYmfAlQztcc1HnueQ/square.jpg"}}},{"type":"show","title":"The Woman Question: Gustav Klimt, Egon Schiele, and Oskar Kokoschka","description":null,"og_type":"show","_links":{"self":{"href":"https://api.artsy.net/api/shows/592f0bada09a6728ed2e26d1"},"permalink":{"href":"https://www.artsy.net/show/galerie-st-etienne-the-woman-question-gustav-klimt-egon-schiele-and-oskar-kokoschka"},"thumbnail":{"href":"https://d32dm0rphc51dk.cloudfront.net/ypyYxqwTa5Kz_iDIxL07_g/square.jpg"}}},{"type":"article","title":"A Birthday Kiss For Gustav Klimt","description":null,"og_type":"article","_links":{"permalink":{"href":"https://www.artsy.net/article/editorial-a-birthday-kiss-for-gustav-klimt"},"thumbnail":{"href":"https://d7hftxdivxxvm.cloudfront.net/?resize_to=fill&width=70&height=70&quality=95&src=https%3A%2F%2Fd32dm0rphc51dk.cloudfront.net%2FNOpIAwQa-3r51Cg9qXKbfA%2Flarge.jpg"}}},{"type":"artwork","title":"Gustav Klimt, Actrice (1919)","description":"Lithograph, 52 ? 32.5 cm","og_type":"artwork","_links":{"self":{"href":"https://api.artsy.net/api/artworks/5e4725349836c30014fcb8fd"},"permalink":{"href":"https://www.artsy.net/artwork/5e4725349836c30014fcb8fd"},"thumbnail":{"href":"https://d32dm0rphc51dk.cloudfront.net/WYP5ABEsd-ylgRFCK9KEIA/square.jpg"}}},{"type":"artwork","title":"Gustav Klimt, Kiss (1907)","description":"","og_type":"artwork","_links":{"self":{"href":"https://api.artsy.net/api/artworks/55d428ee72616920880002d0"},"permalink":{"href":"https://www.artsy.net/artwork/55d428ee72616920880002d0"},"thumbnail":{"href":"https://d32dm0rphc51dk.cloudfront.net/Qkf5Lhia3rq3PzYFfK3uLQ/square.jpg"}}},{"type":"article","title":"What You Need to Know about Gustav Klimt ","description":"His 1907 masterpiece ìThe Kissî is a global icon. But Klimtís genius and influence extends far beyond this singularly brilliant painting. ","og_type":"article","_links":{"permalink":{"href":"https://www.artsy.net/article/artsy-editorial-gustav-klimt"},"thumbnail":{"href":"https://d7hftxdivxxvm.cloudfront.net/?resize_to=fill&width=70&height=70&quality=95&src=https%3A%2F%2Fartsy-media-uploads.s3.amazonaws.com%2FDjlxjMhTDf9O6P76u0Aj7g%252FKlimtMAG.jpg"}}}]}}
2020-07-20 09:50:50 INFO  Log:26 - Artist link from search: https://api.artsy.net/api/artists/4d8b92b64eb68a1b2c000414
2020-07-20 09:50:50 INFO  Log:26 - Artist id from search: 4d8b92b64eb68a1b2c000414
2020-07-20 10:11:40 INFO  Log:26 - Token: eyJ0eXAiOiJKV1QiLCJhbGciOiJIUzI1NiJ9.eyJyb2xlcyI6IiIsInN1YmplY3RfYXBwbGljYXRpb24iOiI1ZjEyOWEzM2ZhMWFhMDAwMTJmMjJjMzUiLCJleHAiOjE1OTU4MzI2NDgsImlhdCI6MTU5NTIyNzg0OCwiYXVkIjoiNWYxMjlhMzNmYTFhYTAwMDEyZjIyYzM1IiwiaXNzIjoiR3Jhdml0eSIsImp0aSI6IjVmMTUzZWM4NmYwZDJjMDAwZGUzNjEwYSJ9.UoRcKVr46cV14mwG2CKjseEhPu10x4uk05dB8Nhf8ko
2020-07-20 10:11:41 INFO  Log:26 - Search results: {"total_count":2618,"offset":0,"q":"Gustav Klimt","_links":{"self":{"href":"https://api.artsy.net/api/search?offset=0&q=Gustav+Klimt&size=10"},"next":{"href":"https://api.artsy.net/api/search?offset=10&q=Gustav+Klimt&size=10"}},"_embedded":{"results":[{"type":"artist","title":"Gustav Klimt","description":null,"og_type":"artist","_links":{"self":{"href":"https://api.artsy.net/api/artists/4d8b92b64eb68a1b2c000414"},"permalink":{"href":"https://www.artsy.net/artist/gustav-klimt"},"thumbnail":{"href":"https://d32dm0rphc51dk.cloudfront.net/n3RTu8EOaXrq3UCBXjh1Ag/square.jpg"}}},{"type":"show","title":"Gustav Klimt","description":null,"og_type":"show","_links":{"self":{"href":"https://api.artsy.net/api/shows/5e7a28c9b17538000fd2e5a1"},"permalink":{"href":"https://www.artsy.net/show/peter-harrington-gallery-gustav-klimt"},"thumbnail":{"href":"https://d32dm0rphc51dk.cloudfront.net/QHWrOoKCHYEGjFqrlF_dLw/square.jpg"}}},{"type":"show","title":"Gustav Klimt - Drawings","description":null,"og_type":"show","_links":{"self":{"href":"https://api.artsy.net/api/shows/5b48a0bf61a02b0cf9765dcb"},"permalink":{"href":"https://www.artsy.net/show/w-and-k-wienerroither-and-kohlbacher-gustav-klimt-drawings"},"thumbnail":{"href":"https://d32dm0rphc51dk.cloudfront.net/Ansut5AU18BFcx6MCb4SVw/square.jpg"}}},{"type":"show","title":"In Print: The Legacy of Gustav Klimt and Egon Schiele","description":null,"og_type":"show","_links":{"self":{"href":"https://api.artsy.net/api/shows/5b3f9575c9dc245c32ec9524"},"permalink":{"href":"https://www.artsy.net/show/jason-jacques-gallery-in-print-the-legacy-of-gustav-klimt-and-egon-schiele"},"thumbnail":{"href":"https://d32dm0rphc51dk.cloudfront.net/J7kmiDFR8F77O-M5Eiw2Jg/square.jpg"}}},{"type":"artwork","title":"Gustav Klimt, Gustav Klimt. Derni?re gerbe (1931)","description":"Elephant quarto. Publisherís deluxe binding in golden ripple-textured leather, title in gilt within embossed red background on front board, rebacked in later brown sheep, golden turn-ins, cream watered silk endpapers, untrimmed. Housed in the publisherís red card slipcase with title in red within embossed gilt background on front board. With 30 full page mounted collotype plates of which 15 are in colour with heightened metallic inks after Klimt. Sheet sizes: 48.3 x 45.7 cm., 48.3 ? 45.7 cm","og_type":"artwork","_links":{"self":{"href":"https://api.artsy.net/api/artworks/5eda6300c05a790012ee7b0e"},"permalink":{"href":"https://www.artsy.net/artwork/5eda6300c05a790012ee7b0e"},"thumbnail":{"href":"https://d32dm0rphc51dk.cloudfront.net/IcA8VOYmfAlQztcc1HnueQ/square.jpg"}}},{"type":"show","title":"The Woman Question: Gustav Klimt, Egon Schiele, and Oskar Kokoschka","description":null,"og_type":"show","_links":{"self":{"href":"https://api.artsy.net/api/shows/592f0bada09a6728ed2e26d1"},"permalink":{"href":"https://www.artsy.net/show/galerie-st-etienne-the-woman-question-gustav-klimt-egon-schiele-and-oskar-kokoschka"},"thumbnail":{"href":"https://d32dm0rphc51dk.cloudfront.net/ypyYxqwTa5Kz_iDIxL07_g/square.jpg"}}},{"type":"article","title":"A Birthday Kiss For Gustav Klimt","description":null,"og_type":"article","_links":{"permalink":{"href":"https://www.artsy.net/article/editorial-a-birthday-kiss-for-gustav-klimt"},"thumbnail":{"href":"https://d7hftxdivxxvm.cloudfront.net/?resize_to=fill&width=70&height=70&quality=95&src=https%3A%2F%2Fd32dm0rphc51dk.cloudfront.net%2FNOpIAwQa-3r51Cg9qXKbfA%2Flarge.jpg"}}},{"type":"artwork","title":"Gustav Klimt, Actrice (1919)","description":"Lithograph, 52 ? 32.5 cm","og_type":"artwork","_links":{"self":{"href":"https://api.artsy.net/api/artworks/5e4725349836c30014fcb8fd"},"permalink":{"href":"https://www.artsy.net/artwork/5e4725349836c30014fcb8fd"},"thumbnail":{"href":"https://d32dm0rphc51dk.cloudfront.net/WYP5ABEsd-ylgRFCK9KEIA/square.jpg"}}},{"type":"artwork","title":"Gustav Klimt, Kiss (1907)","description":"","og_type":"artwork","_links":{"self":{"href":"https://api.artsy.net/api/artworks/55d428ee72616920880002d0"},"permalink":{"href":"https://www.artsy.net/artwork/55d428ee72616920880002d0"},"thumbnail":{"href":"https://d32dm0rphc51dk.cloudfront.net/Qkf5Lhia3rq3PzYFfK3uLQ/square.jpg"}}},{"type":"article","title":"What You Need to Know about Gustav Klimt ","description":"His 1907 masterpiece ìThe Kissî is a global icon. But Klimtís genius and influence extends far beyond this singularly brilliant painting. ","og_type":"article","_links":{"permalink":{"href":"https://www.artsy.net/article/artsy-editorial-gustav-klimt"},"thumbnail":{"href":"https://d7hftxdivxxvm.cloudfront.net/?resize_to=fill&width=70&height=70&quality=95&src=https%3A%2F%2Fartsy-media-uploads.s3.amazonaws.com%2FDjlxjMhTDf9O6P76u0Aj7g%252FKlimtMAG.jpg"}}}]}}
2020-07-20 10:11:41 INFO  Log:26 - Artist link from search: https://api.artsy.net/api/artists/4d8b92b64eb68a1b2c000414
2020-07-20 10:11:41 INFO  Log:26 - Artist id from search: 4d8b92b64eb68a1b2c000414
2020-07-20 10:29:16 INFO  Log:26 - Token: eyJ0eXAiOiJKV1QiLCJhbGciOiJIUzI1NiJ9.eyJyb2xlcyI6IiIsInN1YmplY3RfYXBwbGljYXRpb24iOiI1ZjEyOWEzM2ZhMWFhMDAwMTJmMjJjMzUiLCJleHAiOjE1OTU4MzI2NDgsImlhdCI6MTU5NTIyNzg0OCwiYXVkIjoiNWYxMjlhMzNmYTFhYTAwMDEyZjIyYzM1IiwiaXNzIjoiR3Jhdml0eSIsImp0aSI6IjVmMTUzZWM4NmYwZDJjMDAwZGUzNjEwYSJ9.UoRcKVr46cV14mwG2CKjseEhPu10x4uk05dB8Nhf8ko
2020-07-20 10:29:17 INFO  Log:26 - Search results: {"total_count":2618,"offset":0,"q":"Gustav Klimt","_links":{"self":{"href":"https://api.artsy.net/api/search?offset=0&q=Gustav+Klimt&size=10"},"next":{"href":"https://api.artsy.net/api/search?offset=10&q=Gustav+Klimt&size=10"}},"_embedded":{"results":[{"type":"artist","title":"Gustav Klimt","description":null,"og_type":"artist","_links":{"self":{"href":"https://api.artsy.net/api/artists/4d8b92b64eb68a1b2c000414"},"permalink":{"href":"https://www.artsy.net/artist/gustav-klimt"},"thumbnail":{"href":"https://d32dm0rphc51dk.cloudfront.net/n3RTu8EOaXrq3UCBXjh1Ag/square.jpg"}}},{"type":"show","title":"Gustav Klimt","description":null,"og_type":"show","_links":{"self":{"href":"https://api.artsy.net/api/shows/5e7a28c9b17538000fd2e5a1"},"permalink":{"href":"https://www.artsy.net/show/peter-harrington-gallery-gustav-klimt"},"thumbnail":{"href":"https://d32dm0rphc51dk.cloudfront.net/QHWrOoKCHYEGjFqrlF_dLw/square.jpg"}}},{"type":"show","title":"Gustav Klimt - Drawings","description":null,"og_type":"show","_links":{"self":{"href":"https://api.artsy.net/api/shows/5b48a0bf61a02b0cf9765dcb"},"permalink":{"href":"https://www.artsy.net/show/w-and-k-wienerroither-and-kohlbacher-gustav-klimt-drawings"},"thumbnail":{"href":"https://d32dm0rphc51dk.cloudfront.net/Ansut5AU18BFcx6MCb4SVw/square.jpg"}}},{"type":"show","title":"In Print: The Legacy of Gustav Klimt and Egon Schiele","description":null,"og_type":"show","_links":{"self":{"href":"https://api.artsy.net/api/shows/5b3f9575c9dc245c32ec9524"},"permalink":{"href":"https://www.artsy.net/show/jason-jacques-gallery-in-print-the-legacy-of-gustav-klimt-and-egon-schiele"},"thumbnail":{"href":"https://d32dm0rphc51dk.cloudfront.net/J7kmiDFR8F77O-M5Eiw2Jg/square.jpg"}}},{"type":"artwork","title":"Gustav Klimt, Gustav Klimt. Derni?re gerbe (1931)","description":"Elephant quarto. Publisherís deluxe binding in golden ripple-textured leather, title in gilt within embossed red background on front board, rebacked in later brown sheep, golden turn-ins, cream watered silk endpapers, untrimmed. Housed in the publisherís red card slipcase with title in red within embossed gilt background on front board. With 30 full page mounted collotype plates of which 15 are in colour with heightened metallic inks after Klimt. Sheet sizes: 48.3 x 45.7 cm., 48.3 ? 45.7 cm","og_type":"artwork","_links":{"self":{"href":"https://api.artsy.net/api/artworks/5eda6300c05a790012ee7b0e"},"permalink":{"href":"https://www.artsy.net/artwork/5eda6300c05a790012ee7b0e"},"thumbnail":{"href":"https://d32dm0rphc51dk.cloudfront.net/IcA8VOYmfAlQztcc1HnueQ/square.jpg"}}},{"type":"show","title":"The Woman Question: Gustav Klimt, Egon Schiele, and Oskar Kokoschka","description":null,"og_type":"show","_links":{"self":{"href":"https://api.artsy.net/api/shows/592f0bada09a6728ed2e26d1"},"permalink":{"href":"https://www.artsy.net/show/galerie-st-etienne-the-woman-question-gustav-klimt-egon-schiele-and-oskar-kokoschka"},"thumbnail":{"href":"https://d32dm0rphc51dk.cloudfront.net/ypyYxqwTa5Kz_iDIxL07_g/square.jpg"}}},{"type":"article","title":"A Birthday Kiss For Gustav Klimt","description":null,"og_type":"article","_links":{"permalink":{"href":"https://www.artsy.net/article/editorial-a-birthday-kiss-for-gustav-klimt"},"thumbnail":{"href":"https://d7hftxdivxxvm.cloudfront.net/?resize_to=fill&width=70&height=70&quality=95&src=https%3A%2F%2Fd32dm0rphc51dk.cloudfront.net%2FNOpIAwQa-3r51Cg9qXKbfA%2Flarge.jpg"}}},{"type":"artwork","title":"Gustav Klimt, Actrice (1919)","description":"Lithograph, 52 ? 32.5 cm","og_type":"artwork","_links":{"self":{"href":"https://api.artsy.net/api/artworks/5e4725349836c30014fcb8fd"},"permalink":{"href":"https://www.artsy.net/artwork/5e4725349836c30014fcb8fd"},"thumbnail":{"href":"https://d32dm0rphc51dk.cloudfront.net/WYP5ABEsd-ylgRFCK9KEIA/square.jpg"}}},{"type":"artwork","title":"Gustav Klimt, Kiss (1907)","description":"","og_type":"artwork","_links":{"self":{"href":"https://api.artsy.net/api/artworks/55d428ee72616920880002d0"},"permalink":{"href":"https://www.artsy.net/artwork/55d428ee72616920880002d0"},"thumbnail":{"href":"https://d32dm0rphc51dk.cloudfront.net/Qkf5Lhia3rq3PzYFfK3uLQ/square.jpg"}}},{"type":"article","title":"What You Need to Know about Gustav Klimt ","description":"His 1907 masterpiece ìThe Kissî is a global icon. But Klimtís genius and influence extends far beyond this singularly brilliant painting. ","og_type":"article","_links":{"permalink":{"href":"https://www.artsy.net/article/artsy-editorial-gustav-klimt"},"thumbnail":{"href":"https://d7hftxdivxxvm.cloudfront.net/?resize_to=fill&width=70&height=70&quality=95&src=https%3A%2F%2Fartsy-media-uploads.s3.amazonaws.com%2FDjlxjMhTDf9O6P76u0Aj7g%252FKlimtMAG.jpg"}}}]}}
2020-07-20 10:29:17 INFO  Log:26 - Artist link from search: https://api.artsy.net/api/artists/4d8b92b64eb68a1b2c000414
2020-07-20 10:29:17 INFO  Log:26 - Artist id from search: 4d8b92b64eb68a1b2c000414
2020-07-28 09:15:05 ERROR Log:47 -  --- Exception occurs --- 
java.io.FileNotFoundException: src\main\java\resources\login.properties (—ËÒÚÂÏÂ ÌÂ Û‰‡ÂÚÒˇ Ì‡ÈÚË ÛÍ‡Á‡ÌÌ˚È ÔÛÚ¸)
	at java.io.FileInputStream.open0(Native Method)
	at java.io.FileInputStream.open(FileInputStream.java:195)
	at java.io.FileInputStream.<init>(FileInputStream.java:138)
	at java.io.FileInputStream.<init>(FileInputStream.java:93)
	at utils.Property.<clinit>(Property.java:15)
	at utils.Bodies.getRequestTokenBody(Bodies.java:11)
	at BeforeRequest.setUp(BeforeRequest.java:18)
	at sun.reflect.NativeMethodAccessorImpl.invoke0(Native Method)
	at sun.reflect.NativeMethodAccessorImpl.invoke(NativeMethodAccessorImpl.java:62)
	at sun.reflect.DelegatingMethodAccessorImpl.invoke(DelegatingMethodAccessorImpl.java:43)
	at java.lang.reflect.Method.invoke(Method.java:498)
	at org.junit.platform.commons.util.ReflectionUtils.invokeMethod(ReflectionUtils.java:686)
	at org.junit.jupiter.engine.execution.MethodInvocation.proceed(MethodInvocation.java:60)
	at org.junit.jupiter.engine.execution.InvocationInterceptorChain$ValidatingInvocation.proceed(InvocationInterceptorChain.java:131)
	at org.junit.jupiter.engine.extension.TimeoutExtension.intercept(TimeoutExtension.java:149)
	at org.junit.jupiter.engine.extension.TimeoutExtension.interceptLifecycleMethod(TimeoutExtension.java:126)
	at org.junit.jupiter.engine.extension.TimeoutExtension.interceptBeforeAllMethod(TimeoutExtension.java:68)
	at org.junit.jupiter.engine.execution.ExecutableInvoker$ReflectiveInterceptorCall.lambda$ofVoidMethod$0(ExecutableInvoker.java:115)
	at org.junit.jupiter.engine.execution.ExecutableInvoker.lambda$invoke$0(ExecutableInvoker.java:105)
	at org.junit.jupiter.engine.execution.InvocationInterceptorChain$InterceptedInvocation.proceed(InvocationInterceptorChain.java:106)
	at org.junit.jupiter.engine.execution.InvocationInterceptorChain.proceed(InvocationInterceptorChain.java:64)
	at org.junit.jupiter.engine.execution.InvocationInterceptorChain.chainAndInvoke(InvocationInterceptorChain.java:45)
	at org.junit.jupiter.engine.execution.InvocationInterceptorChain.invoke(InvocationInterceptorChain.java:37)
	at org.junit.jupiter.engine.execution.ExecutableInvoker.invoke(ExecutableInvoker.java:104)
	at org.junit.jupiter.engine.execution.ExecutableInvoker.invoke(ExecutableInvoker.java:98)
	at org.junit.jupiter.engine.descriptor.ClassBasedTestDescriptor.lambda$invokeBeforeAllMethods$8(ClassBasedTestDescriptor.java:375)
	at org.junit.platform.engine.support.hierarchical.ThrowableCollector.execute(ThrowableCollector.java:73)
	at org.junit.jupiter.engine.descriptor.ClassBasedTestDescriptor.invokeBeforeAllMethods(ClassBasedTestDescriptor.java:373)
	at org.junit.jupiter.engine.descriptor.ClassBasedTestDescriptor.before(ClassBasedTestDescriptor.java:193)
	at org.junit.jupiter.engine.descriptor.ClassBasedTestDescriptor.before(ClassBasedTestDescriptor.java:78)
	at org.junit.platform.engine.support.hierarchical.NodeTestTask.lambda$executeRecursively$5(NodeTestTask.java:132)
	at org.junit.platform.engine.support.hierarchical.ThrowableCollector.execute(ThrowableCollector.java:73)
	at org.junit.platform.engine.support.hierarchical.NodeTestTask.lambda$executeRecursively$7(NodeTestTask.java:125)
	at org.junit.platform.engine.support.hierarchical.Node.around(Node.java:135)
	at org.junit.platform.engine.support.hierarchical.NodeTestTask.lambda$executeRecursively$8(NodeTestTask.java:123)
	at org.junit.platform.engine.support.hierarchical.ThrowableCollector.execute(ThrowableCollector.java:73)
	at org.junit.platform.engine.support.hierarchical.NodeTestTask.executeRecursively(NodeTestTask.java:122)
	at org.junit.platform.engine.support.hierarchical.NodeTestTask.execute(NodeTestTask.java:80)
	at java.util.ArrayList.forEach(ArrayList.java:1257)
	at org.junit.platform.engine.support.hierarchical.SameThreadHierarchicalTestExecutorService.invokeAll(SameThreadHierarchicalTestExecutorService.java:38)
	at org.junit.platform.engine.support.hierarchical.NodeTestTask.lambda$executeRecursively$5(NodeTestTask.java:139)
	at org.junit.platform.engine.support.hierarchical.ThrowableCollector.execute(ThrowableCollector.java:73)
	at org.junit.platform.engine.support.hierarchical.NodeTestTask.lambda$executeRecursively$7(NodeTestTask.java:125)
	at org.junit.platform.engine.support.hierarchical.Node.around(Node.java:135)
	at org.junit.platform.engine.support.hierarchical.NodeTestTask.lambda$executeRecursively$8(NodeTestTask.java:123)
	at org.junit.platform.engine.support.hierarchical.ThrowableCollector.execute(ThrowableCollector.java:73)
	at org.junit.platform.engine.support.hierarchical.NodeTestTask.executeRecursively(NodeTestTask.java:122)
	at org.junit.platform.engine.support.hierarchical.NodeTestTask.execute(NodeTestTask.java:80)
	at org.junit.platform.engine.support.hierarchical.SameThreadHierarchicalTestExecutorService.submit(SameThreadHierarchicalTestExecutorService.java:32)
	at org.junit.platform.engine.support.hierarchical.HierarchicalTestExecutor.execute(HierarchicalTestExecutor.java:57)
	at org.junit.platform.engine.support.hierarchical.HierarchicalTestEngine.execute(HierarchicalTestEngine.java:51)
	at org.junit.platform.launcher.core.DefaultLauncher.execute(DefaultLauncher.java:248)
	at org.junit.platform.launcher.core.DefaultLauncher.lambda$execute$5(DefaultLauncher.java:211)
	at org.junit.platform.launcher.core.DefaultLauncher.withInterceptedStreams(DefaultLauncher.java:226)
	at org.junit.platform.launcher.core.DefaultLauncher.execute(DefaultLauncher.java:199)
	at org.junit.platform.launcher.core.DefaultLauncher.execute(DefaultLauncher.java:132)
	at org.gradle.api.internal.tasks.testing.junitplatform.JUnitPlatformTestClassProcessor$CollectAllTestClassesExecutor.processAllTestClasses(JUnitPlatformTestClassProcessor.java:99)
	at org.gradle.api.internal.tasks.testing.junitplatform.JUnitPlatformTestClassProcessor$CollectAllTestClassesExecutor.access$000(JUnitPlatformTestClassProcessor.java:79)
	at org.gradle.api.internal.tasks.testing.junitplatform.JUnitPlatformTestClassProcessor.stop(JUnitPlatformTestClassProcessor.java:75)
	at org.gradle.api.internal.tasks.testing.SuiteTestClassProcessor.stop(SuiteTestClassProcessor.java:61)
	at sun.reflect.NativeMethodAccessorImpl.invoke0(Native Method)
	at sun.reflect.NativeMethodAccessorImpl.invoke(NativeMethodAccessorImpl.java:62)
	at sun.reflect.DelegatingMethodAccessorImpl.invoke(DelegatingMethodAccessorImpl.java:43)
	at java.lang.reflect.Method.invoke(Method.java:498)
	at org.gradle.internal.dispatch.ReflectionDispatch.dispatch(ReflectionDispatch.java:36)
	at org.gradle.internal.dispatch.ReflectionDispatch.dispatch(ReflectionDispatch.java:24)
	at org.gradle.internal.dispatch.ContextClassLoaderDispatch.dispatch(ContextClassLoaderDispatch.java:33)
	at org.gradle.internal.dispatch.ProxyDispatchAdapter$DispatchingInvocationHandler.invoke(ProxyDispatchAdapter.java:94)
	at com.sun.proxy.$Proxy2.stop(Unknown Source)
	at org.gradle.api.internal.tasks.testing.worker.TestWorker.stop(TestWorker.java:132)
	at sun.reflect.NativeMethodAccessorImpl.invoke0(Native Method)
	at sun.reflect.NativeMethodAccessorImpl.invoke(NativeMethodAccessorImpl.java:62)
	at sun.reflect.DelegatingMethodAccessorImpl.invoke(DelegatingMethodAccessorImpl.java:43)
	at java.lang.reflect.Method.invoke(Method.java:498)
	at org.gradle.internal.dispatch.ReflectionDispatch.dispatch(ReflectionDispatch.java:36)
	at org.gradle.internal.dispatch.ReflectionDispatch.dispatch(ReflectionDispatch.java:24)
	at org.gradle.internal.remote.internal.hub.MessageHubBackedObjectConnection$DispatchWrapper.dispatch(MessageHubBackedObjectConnection.java:182)
	at org.gradle.internal.remote.internal.hub.MessageHubBackedObjectConnection$DispatchWrapper.dispatch(MessageHubBackedObjectConnection.java:164)
	at org.gradle.internal.remote.internal.hub.MessageHub$Handler.run(MessageHub.java:412)
	at org.gradle.internal.concurrent.ExecutorPolicy$CatchAndRecordFailures.onExecute(ExecutorPolicy.java:64)
	at org.gradle.internal.concurrent.ManagedExecutorImpl$1.run(ManagedExecutorImpl.java:48)
	at java.util.concurrent.ThreadPoolExecutor.runWorker(ThreadPoolExecutor.java:1149)
	at java.util.concurrent.ThreadPoolExecutor$Worker.run(ThreadPoolExecutor.java:624)
	at org.gradle.internal.concurrent.ThreadFactoryImpl$ManagedThreadRunnable.run(ThreadFactoryImpl.java:56)
	at java.lang.Thread.run(Thread.java:748)
2020-07-28 09:15:52 ERROR Log:47 -  --- Exception occurs --- 
java.io.FileNotFoundException: login.properties (ÕÂ Û‰‡ÂÚÒˇ Ì‡ÈÚË ÛÍ‡Á‡ÌÌ˚È Ù‡ÈÎ)
	at java.io.FileInputStream.open0(Native Method)
	at java.io.FileInputStream.open(FileInputStream.java:195)
	at java.io.FileInputStream.<init>(FileInputStream.java:138)
	at java.io.FileInputStream.<init>(FileInputStream.java:93)
	at utils.Property.<clinit>(Property.java:15)
	at utils.Bodies.getRequestTokenBody(Bodies.java:11)
	at BeforeRequest.setUp(BeforeRequest.java:18)
	at sun.reflect.NativeMethodAccessorImpl.invoke0(Native Method)
	at sun.reflect.NativeMethodAccessorImpl.invoke(NativeMethodAccessorImpl.java:62)
	at sun.reflect.DelegatingMethodAccessorImpl.invoke(DelegatingMethodAccessorImpl.java:43)
	at java.lang.reflect.Method.invoke(Method.java:498)
	at org.junit.platform.commons.util.ReflectionUtils.invokeMethod(ReflectionUtils.java:686)
	at org.junit.jupiter.engine.execution.MethodInvocation.proceed(MethodInvocation.java:60)
	at org.junit.jupiter.engine.execution.InvocationInterceptorChain$ValidatingInvocation.proceed(InvocationInterceptorChain.java:131)
	at org.junit.jupiter.engine.extension.TimeoutExtension.intercept(TimeoutExtension.java:149)
	at org.junit.jupiter.engine.extension.TimeoutExtension.interceptLifecycleMethod(TimeoutExtension.java:126)
	at org.junit.jupiter.engine.extension.TimeoutExtension.interceptBeforeAllMethod(TimeoutExtension.java:68)
	at org.junit.jupiter.engine.execution.ExecutableInvoker$ReflectiveInterceptorCall.lambda$ofVoidMethod$0(ExecutableInvoker.java:115)
	at org.junit.jupiter.engine.execution.ExecutableInvoker.lambda$invoke$0(ExecutableInvoker.java:105)
	at org.junit.jupiter.engine.execution.InvocationInterceptorChain$InterceptedInvocation.proceed(InvocationInterceptorChain.java:106)
	at org.junit.jupiter.engine.execution.InvocationInterceptorChain.proceed(InvocationInterceptorChain.java:64)
	at org.junit.jupiter.engine.execution.InvocationInterceptorChain.chainAndInvoke(InvocationInterceptorChain.java:45)
	at org.junit.jupiter.engine.execution.InvocationInterceptorChain.invoke(InvocationInterceptorChain.java:37)
	at org.junit.jupiter.engine.execution.ExecutableInvoker.invoke(ExecutableInvoker.java:104)
	at org.junit.jupiter.engine.execution.ExecutableInvoker.invoke(ExecutableInvoker.java:98)
	at org.junit.jupiter.engine.descriptor.ClassBasedTestDescriptor.lambda$invokeBeforeAllMethods$8(ClassBasedTestDescriptor.java:375)
	at org.junit.platform.engine.support.hierarchical.ThrowableCollector.execute(ThrowableCollector.java:73)
	at org.junit.jupiter.engine.descriptor.ClassBasedTestDescriptor.invokeBeforeAllMethods(ClassBasedTestDescriptor.java:373)
	at org.junit.jupiter.engine.descriptor.ClassBasedTestDescriptor.before(ClassBasedTestDescriptor.java:193)
	at org.junit.jupiter.engine.descriptor.ClassBasedTestDescriptor.before(ClassBasedTestDescriptor.java:78)
	at org.junit.platform.engine.support.hierarchical.NodeTestTask.lambda$executeRecursively$5(NodeTestTask.java:132)
	at org.junit.platform.engine.support.hierarchical.ThrowableCollector.execute(ThrowableCollector.java:73)
	at org.junit.platform.engine.support.hierarchical.NodeTestTask.lambda$executeRecursively$7(NodeTestTask.java:125)
	at org.junit.platform.engine.support.hierarchical.Node.around(Node.java:135)
	at org.junit.platform.engine.support.hierarchical.NodeTestTask.lambda$executeRecursively$8(NodeTestTask.java:123)
	at org.junit.platform.engine.support.hierarchical.ThrowableCollector.execute(ThrowableCollector.java:73)
	at org.junit.platform.engine.support.hierarchical.NodeTestTask.executeRecursively(NodeTestTask.java:122)
	at org.junit.platform.engine.support.hierarchical.NodeTestTask.execute(NodeTestTask.java:80)
	at java.util.ArrayList.forEach(ArrayList.java:1257)
	at org.junit.platform.engine.support.hierarchical.SameThreadHierarchicalTestExecutorService.invokeAll(SameThreadHierarchicalTestExecutorService.java:38)
	at org.junit.platform.engine.support.hierarchical.NodeTestTask.lambda$executeRecursively$5(NodeTestTask.java:139)
	at org.junit.platform.engine.support.hierarchical.ThrowableCollector.execute(ThrowableCollector.java:73)
	at org.junit.platform.engine.support.hierarchical.NodeTestTask.lambda$executeRecursively$7(NodeTestTask.java:125)
	at org.junit.platform.engine.support.hierarchical.Node.around(Node.java:135)
	at org.junit.platform.engine.support.hierarchical.NodeTestTask.lambda$executeRecursively$8(NodeTestTask.java:123)
	at org.junit.platform.engine.support.hierarchical.ThrowableCollector.execute(ThrowableCollector.java:73)
	at org.junit.platform.engine.support.hierarchical.NodeTestTask.executeRecursively(NodeTestTask.java:122)
	at org.junit.platform.engine.support.hierarchical.NodeTestTask.execute(NodeTestTask.java:80)
	at org.junit.platform.engine.support.hierarchical.SameThreadHierarchicalTestExecutorService.submit(SameThreadHierarchicalTestExecutorService.java:32)
	at org.junit.platform.engine.support.hierarchical.HierarchicalTestExecutor.execute(HierarchicalTestExecutor.java:57)
	at org.junit.platform.engine.support.hierarchical.HierarchicalTestEngine.execute(HierarchicalTestEngine.java:51)
	at org.junit.platform.launcher.core.DefaultLauncher.execute(DefaultLauncher.java:248)
	at org.junit.platform.launcher.core.DefaultLauncher.lambda$execute$5(DefaultLauncher.java:211)
	at org.junit.platform.launcher.core.DefaultLauncher.withInterceptedStreams(DefaultLauncher.java:226)
	at org.junit.platform.launcher.core.DefaultLauncher.execute(DefaultLauncher.java:199)
	at org.junit.platform.launcher.core.DefaultLauncher.execute(DefaultLauncher.java:132)
	at org.gradle.api.internal.tasks.testing.junitplatform.JUnitPlatformTestClassProcessor$CollectAllTestClassesExecutor.processAllTestClasses(JUnitPlatformTestClassProcessor.java:99)
	at org.gradle.api.internal.tasks.testing.junitplatform.JUnitPlatformTestClassProcessor$CollectAllTestClassesExecutor.access$000(JUnitPlatformTestClassProcessor.java:79)
	at org.gradle.api.internal.tasks.testing.junitplatform.JUnitPlatformTestClassProcessor.stop(JUnitPlatformTestClassProcessor.java:75)
	at org.gradle.api.internal.tasks.testing.SuiteTestClassProcessor.stop(SuiteTestClassProcessor.java:61)
	at sun.reflect.NativeMethodAccessorImpl.invoke0(Native Method)
	at sun.reflect.NativeMethodAccessorImpl.invoke(NativeMethodAccessorImpl.java:62)
	at sun.reflect.DelegatingMethodAccessorImpl.invoke(DelegatingMethodAccessorImpl.java:43)
	at java.lang.reflect.Method.invoke(Method.java:498)
	at org.gradle.internal.dispatch.ReflectionDispatch.dispatch(ReflectionDispatch.java:36)
	at org.gradle.internal.dispatch.ReflectionDispatch.dispatch(ReflectionDispatch.java:24)
	at org.gradle.internal.dispatch.ContextClassLoaderDispatch.dispatch(ContextClassLoaderDispatch.java:33)
	at org.gradle.internal.dispatch.ProxyDispatchAdapter$DispatchingInvocationHandler.invoke(ProxyDispatchAdapter.java:94)
	at com.sun.proxy.$Proxy2.stop(Unknown Source)
	at org.gradle.api.internal.tasks.testing.worker.TestWorker.stop(TestWorker.java:132)
	at sun.reflect.NativeMethodAccessorImpl.invoke0(Native Method)
	at sun.reflect.NativeMethodAccessorImpl.invoke(NativeMethodAccessorImpl.java:62)
	at sun.reflect.DelegatingMethodAccessorImpl.invoke(DelegatingMethodAccessorImpl.java:43)
	at java.lang.reflect.Method.invoke(Method.java:498)
	at org.gradle.internal.dispatch.ReflectionDispatch.dispatch(ReflectionDispatch.java:36)
	at org.gradle.internal.dispatch.ReflectionDispatch.dispatch(ReflectionDispatch.java:24)
	at org.gradle.internal.remote.internal.hub.MessageHubBackedObjectConnection$DispatchWrapper.dispatch(MessageHubBackedObjectConnection.java:182)
	at org.gradle.internal.remote.internal.hub.MessageHubBackedObjectConnection$DispatchWrapper.dispatch(MessageHubBackedObjectConnection.java:164)
	at org.gradle.internal.remote.internal.hub.MessageHub$Handler.run(MessageHub.java:412)
	at org.gradle.internal.concurrent.ExecutorPolicy$CatchAndRecordFailures.onExecute(ExecutorPolicy.java:64)
	at org.gradle.internal.concurrent.ManagedExecutorImpl$1.run(ManagedExecutorImpl.java:48)
	at java.util.concurrent.ThreadPoolExecutor.runWorker(ThreadPoolExecutor.java:1149)
	at java.util.concurrent.ThreadPoolExecutor$Worker.run(ThreadPoolExecutor.java:624)
	at org.gradle.internal.concurrent.ThreadFactoryImpl$ManagedThreadRunnable.run(ThreadFactoryImpl.java:56)
	at java.lang.Thread.run(Thread.java:748)
2020-07-28 09:17:19 ERROR Log:47 -  --- Exception occurs --- 
java.io.FileNotFoundException: .\src\main\java\resources\login.properties (—ËÒÚÂÏÂ ÌÂ Û‰‡ÂÚÒˇ Ì‡ÈÚË ÛÍ‡Á‡ÌÌ˚È ÔÛÚ¸)
	at java.io.FileInputStream.open0(Native Method)
	at java.io.FileInputStream.open(FileInputStream.java:195)
	at java.io.FileInputStream.<init>(FileInputStream.java:138)
	at java.io.FileInputStream.<init>(FileInputStream.java:93)
	at utils.Property.<clinit>(Property.java:15)
	at utils.Bodies.getRequestTokenBody(Bodies.java:11)
	at BeforeRequest.setUp(BeforeRequest.java:18)
	at sun.reflect.NativeMethodAccessorImpl.invoke0(Native Method)
	at sun.reflect.NativeMethodAccessorImpl.invoke(NativeMethodAccessorImpl.java:62)
	at sun.reflect.DelegatingMethodAccessorImpl.invoke(DelegatingMethodAccessorImpl.java:43)
	at java.lang.reflect.Method.invoke(Method.java:498)
	at org.junit.platform.commons.util.ReflectionUtils.invokeMethod(ReflectionUtils.java:686)
	at org.junit.jupiter.engine.execution.MethodInvocation.proceed(MethodInvocation.java:60)
	at org.junit.jupiter.engine.execution.InvocationInterceptorChain$ValidatingInvocation.proceed(InvocationInterceptorChain.java:131)
	at org.junit.jupiter.engine.extension.TimeoutExtension.intercept(TimeoutExtension.java:149)
	at org.junit.jupiter.engine.extension.TimeoutExtension.interceptLifecycleMethod(TimeoutExtension.java:126)
	at org.junit.jupiter.engine.extension.TimeoutExtension.interceptBeforeAllMethod(TimeoutExtension.java:68)
	at org.junit.jupiter.engine.execution.ExecutableInvoker$ReflectiveInterceptorCall.lambda$ofVoidMethod$0(ExecutableInvoker.java:115)
	at org.junit.jupiter.engine.execution.ExecutableInvoker.lambda$invoke$0(ExecutableInvoker.java:105)
	at org.junit.jupiter.engine.execution.InvocationInterceptorChain$InterceptedInvocation.proceed(InvocationInterceptorChain.java:106)
	at org.junit.jupiter.engine.execution.InvocationInterceptorChain.proceed(InvocationInterceptorChain.java:64)
	at org.junit.jupiter.engine.execution.InvocationInterceptorChain.chainAndInvoke(InvocationInterceptorChain.java:45)
	at org.junit.jupiter.engine.execution.InvocationInterceptorChain.invoke(InvocationInterceptorChain.java:37)
	at org.junit.jupiter.engine.execution.ExecutableInvoker.invoke(ExecutableInvoker.java:104)
	at org.junit.jupiter.engine.execution.ExecutableInvoker.invoke(ExecutableInvoker.java:98)
	at org.junit.jupiter.engine.descriptor.ClassBasedTestDescriptor.lambda$invokeBeforeAllMethods$8(ClassBasedTestDescriptor.java:375)
	at org.junit.platform.engine.support.hierarchical.ThrowableCollector.execute(ThrowableCollector.java:73)
	at org.junit.jupiter.engine.descriptor.ClassBasedTestDescriptor.invokeBeforeAllMethods(ClassBasedTestDescriptor.java:373)
	at org.junit.jupiter.engine.descriptor.ClassBasedTestDescriptor.before(ClassBasedTestDescriptor.java:193)
	at org.junit.jupiter.engine.descriptor.ClassBasedTestDescriptor.before(ClassBasedTestDescriptor.java:78)
	at org.junit.platform.engine.support.hierarchical.NodeTestTask.lambda$executeRecursively$5(NodeTestTask.java:132)
	at org.junit.platform.engine.support.hierarchical.ThrowableCollector.execute(ThrowableCollector.java:73)
	at org.junit.platform.engine.support.hierarchical.NodeTestTask.lambda$executeRecursively$7(NodeTestTask.java:125)
	at org.junit.platform.engine.support.hierarchical.Node.around(Node.java:135)
	at org.junit.platform.engine.support.hierarchical.NodeTestTask.lambda$executeRecursively$8(NodeTestTask.java:123)
	at org.junit.platform.engine.support.hierarchical.ThrowableCollector.execute(ThrowableCollector.java:73)
	at org.junit.platform.engine.support.hierarchical.NodeTestTask.executeRecursively(NodeTestTask.java:122)
	at org.junit.platform.engine.support.hierarchical.NodeTestTask.execute(NodeTestTask.java:80)
	at java.util.ArrayList.forEach(ArrayList.java:1257)
	at org.junit.platform.engine.support.hierarchical.SameThreadHierarchicalTestExecutorService.invokeAll(SameThreadHierarchicalTestExecutorService.java:38)
	at org.junit.platform.engine.support.hierarchical.NodeTestTask.lambda$executeRecursively$5(NodeTestTask.java:139)
	at org.junit.platform.engine.support.hierarchical.ThrowableCollector.execute(ThrowableCollector.java:73)
	at org.junit.platform.engine.support.hierarchical.NodeTestTask.lambda$executeRecursively$7(NodeTestTask.java:125)
	at org.junit.platform.engine.support.hierarchical.Node.around(Node.java:135)
	at org.junit.platform.engine.support.hierarchical.NodeTestTask.lambda$executeRecursively$8(NodeTestTask.java:123)
	at org.junit.platform.engine.support.hierarchical.ThrowableCollector.execute(ThrowableCollector.java:73)
	at org.junit.platform.engine.support.hierarchical.NodeTestTask.executeRecursively(NodeTestTask.java:122)
	at org.junit.platform.engine.support.hierarchical.NodeTestTask.execute(NodeTestTask.java:80)
	at org.junit.platform.engine.support.hierarchical.SameThreadHierarchicalTestExecutorService.submit(SameThreadHierarchicalTestExecutorService.java:32)
	at org.junit.platform.engine.support.hierarchical.HierarchicalTestExecutor.execute(HierarchicalTestExecutor.java:57)
	at org.junit.platform.engine.support.hierarchical.HierarchicalTestEngine.execute(HierarchicalTestEngine.java:51)
	at org.junit.platform.launcher.core.DefaultLauncher.execute(DefaultLauncher.java:248)
	at org.junit.platform.launcher.core.DefaultLauncher.lambda$execute$5(DefaultLauncher.java:211)
	at org.junit.platform.launcher.core.DefaultLauncher.withInterceptedStreams(DefaultLauncher.java:226)
	at org.junit.platform.launcher.core.DefaultLauncher.execute(DefaultLauncher.java:199)
	at org.junit.platform.launcher.core.DefaultLauncher.execute(DefaultLauncher.java:132)
	at org.gradle.api.internal.tasks.testing.junitplatform.JUnitPlatformTestClassProcessor$CollectAllTestClassesExecutor.processAllTestClasses(JUnitPlatformTestClassProcessor.java:99)
	at org.gradle.api.internal.tasks.testing.junitplatform.JUnitPlatformTestClassProcessor$CollectAllTestClassesExecutor.access$000(JUnitPlatformTestClassProcessor.java:79)
	at org.gradle.api.internal.tasks.testing.junitplatform.JUnitPlatformTestClassProcessor.stop(JUnitPlatformTestClassProcessor.java:75)
	at org.gradle.api.internal.tasks.testing.SuiteTestClassProcessor.stop(SuiteTestClassProcessor.java:61)
	at sun.reflect.NativeMethodAccessorImpl.invoke0(Native Method)
	at sun.reflect.NativeMethodAccessorImpl.invoke(NativeMethodAccessorImpl.java:62)
	at sun.reflect.DelegatingMethodAccessorImpl.invoke(DelegatingMethodAccessorImpl.java:43)
	at java.lang.reflect.Method.invoke(Method.java:498)
	at org.gradle.internal.dispatch.ReflectionDispatch.dispatch(ReflectionDispatch.java:36)
	at org.gradle.internal.dispatch.ReflectionDispatch.dispatch(ReflectionDispatch.java:24)
	at org.gradle.internal.dispatch.ContextClassLoaderDispatch.dispatch(ContextClassLoaderDispatch.java:33)
	at org.gradle.internal.dispatch.ProxyDispatchAdapter$DispatchingInvocationHandler.invoke(ProxyDispatchAdapter.java:94)
	at com.sun.proxy.$Proxy2.stop(Unknown Source)
	at org.gradle.api.internal.tasks.testing.worker.TestWorker.stop(TestWorker.java:132)
	at sun.reflect.NativeMethodAccessorImpl.invoke0(Native Method)
	at sun.reflect.NativeMethodAccessorImpl.invoke(NativeMethodAccessorImpl.java:62)
	at sun.reflect.DelegatingMethodAccessorImpl.invoke(DelegatingMethodAccessorImpl.java:43)
	at java.lang.reflect.Method.invoke(Method.java:498)
	at org.gradle.internal.dispatch.ReflectionDispatch.dispatch(ReflectionDispatch.java:36)
	at org.gradle.internal.dispatch.ReflectionDispatch.dispatch(ReflectionDispatch.java:24)
	at org.gradle.internal.remote.internal.hub.MessageHubBackedObjectConnection$DispatchWrapper.dispatch(MessageHubBackedObjectConnection.java:182)
	at org.gradle.internal.remote.internal.hub.MessageHubBackedObjectConnection$DispatchWrapper.dispatch(MessageHubBackedObjectConnection.java:164)
	at org.gradle.internal.remote.internal.hub.MessageHub$Handler.run(MessageHub.java:412)
	at org.gradle.internal.concurrent.ExecutorPolicy$CatchAndRecordFailures.onExecute(ExecutorPolicy.java:64)
	at org.gradle.internal.concurrent.ManagedExecutorImpl$1.run(ManagedExecutorImpl.java:48)
	at java.util.concurrent.ThreadPoolExecutor.runWorker(ThreadPoolExecutor.java:1149)
	at java.util.concurrent.ThreadPoolExecutor$Worker.run(ThreadPoolExecutor.java:624)
	at org.gradle.internal.concurrent.ThreadFactoryImpl$ManagedThreadRunnable.run(ThreadFactoryImpl.java:56)
	at java.lang.Thread.run(Thread.java:748)
2020-07-28 09:19:38 INFO  Log:26 - Token: eyJ0eXAiOiJKV1QiLCJhbGciOiJIUzI1NiJ9.eyJyb2xlcyI6IiIsInN1YmplY3RfYXBwbGljYXRpb24iOiI1ZjEyOWEzM2ZhMWFhMDAwMTJmMjJjMzUiLCJleHAiOjE1OTY1MjE5NzcsImlhdCI6MTU5NTkxNzE3NywiYXVkIjoiNWYxMjlhMzNmYTFhYTAwMDEyZjIyYzM1IiwiaXNzIjoiR3Jhdml0eSIsImp0aSI6IjVmMWZjMzc5MjUwOTNiMDAxMjhlMzY0MCJ9.hi54xey2EC5lIY5_z1XYT22B5rviEF9xcxjE2hZDvms
2020-07-28 09:19:39 INFO  Log:26 - Search results: {"total_count":2634,"offset":0,"q":"Gustav Klimt","_links":{"self":{"href":"https://api.artsy.net/api/search?offset=0&q=Gustav+Klimt&size=10"},"next":{"href":"https://api.artsy.net/api/search?offset=10&q=Gustav+Klimt&size=10"}},"_embedded":{"results":[{"type":"artist","title":"Gustav Klimt","description":null,"og_type":"artist","_links":{"self":{"href":"https://api.artsy.net/api/artists/4d8b92b64eb68a1b2c000414"},"permalink":{"href":"https://www.artsy.net/artist/gustav-klimt"},"thumbnail":{"href":"https://d32dm0rphc51dk.cloudfront.net/n3RTu8EOaXrq3UCBXjh1Ag/square.jpg"}}},{"type":"show","title":"Gustav Klimt","description":null,"og_type":"show","_links":{"self":{"href":"https://api.artsy.net/api/shows/5e7a28c9b17538000fd2e5a1"},"permalink":{"href":"https://www.artsy.net/show/peter-harrington-gallery-gustav-klimt"},"thumbnail":{"href":"https://d32dm0rphc51dk.cloudfront.net/QHWrOoKCHYEGjFqrlF_dLw/square.jpg"}}},{"type":"show","title":"Gustav Klimt - Drawings","description":null,"og_type":"show","_links":{"self":{"href":"https://api.artsy.net/api/shows/5b48a0bf61a02b0cf9765dcb"},"permalink":{"href":"https://www.artsy.net/show/w-and-k-wienerroither-and-kohlbacher-gustav-klimt-drawings"},"thumbnail":{"href":"https://d32dm0rphc51dk.cloudfront.net/Ansut5AU18BFcx6MCb4SVw/square.jpg"}}},{"type":"show","title":"In Print: The Legacy of Gustav Klimt and Egon Schiele","description":null,"og_type":"show","_links":{"self":{"href":"https://api.artsy.net/api/shows/5b3f9575c9dc245c32ec9524"},"permalink":{"href":"https://www.artsy.net/show/jason-jacques-gallery-in-print-the-legacy-of-gustav-klimt-and-egon-schiele"},"thumbnail":{"href":"https://d32dm0rphc51dk.cloudfront.net/J7kmiDFR8F77O-M5Eiw2Jg/square.jpg"}}},{"type":"artwork","title":"Gustav Klimt, Gustav Klimt. Derni?re gerbe (1931)","description":"Elephant quarto. Publisherís deluxe binding in golden ripple-textured leather, title in gilt within embossed red background on front board, rebacked in later brown sheep, golden turn-ins, cream watered silk endpapers, untrimmed. Housed in the publisherís red card slipcase with title in red within embossed gilt background on front board. With 30 full page mounted collotype plates of which 15 are in colour with heightened metallic inks after Klimt. Sheet sizes: 48.3 x 45.7 cm., 48.3 ? 45.7 cm","og_type":"artwork","_links":{"self":{"href":"https://api.artsy.net/api/artworks/5eda6300c05a790012ee7b0e"},"permalink":{"href":"https://www.artsy.net/artwork/gustav-klimt-gustav-klimt-derniere-gerbe"},"thumbnail":{"href":"https://d32dm0rphc51dk.cloudfront.net/IcA8VOYmfAlQztcc1HnueQ/square.jpg"}}},{"type":"show","title":"The Woman Question: Gustav Klimt, Egon Schiele, and Oskar Kokoschka","description":null,"og_type":"show","_links":{"self":{"href":"https://api.artsy.net/api/shows/592f0bada09a6728ed2e26d1"},"permalink":{"href":"https://www.artsy.net/show/galerie-st-etienne-the-woman-question-gustav-klimt-egon-schiele-and-oskar-kokoschka"},"thumbnail":{"href":"https://d32dm0rphc51dk.cloudfront.net/ypyYxqwTa5Kz_iDIxL07_g/square.jpg"}}},{"type":"article","title":"A Birthday Kiss For Gustav Klimt","description":null,"og_type":"article","_links":{"permalink":{"href":"https://www.artsy.net/article/editorial-a-birthday-kiss-for-gustav-klimt"},"thumbnail":{"href":"https://d7hftxdivxxvm.cloudfront.net/?resize_to=fill&width=70&height=70&quality=95&src=https%3A%2F%2Fd32dm0rphc51dk.cloudfront.net%2FNOpIAwQa-3r51Cg9qXKbfA%2Flarge.jpg"}}},{"type":"artwork","title":"Gustav Klimt, Actrice (1919)","description":"Lithograph, 52 ? 32.5 cm","og_type":"artwork","_links":{"self":{"href":"https://api.artsy.net/api/artworks/5e4725349836c30014fcb8fd"},"permalink":{"href":"https://www.artsy.net/artwork/gustav-klimt-actrice"},"thumbnail":{"href":"https://d32dm0rphc51dk.cloudfront.net/WYP5ABEsd-ylgRFCK9KEIA/square.jpg"}}},{"type":"artwork","title":"Gustav Klimt, Tragedy (1897)","description":"Pencil and black chalk on soft, heavy tan wove paper.","og_type":"artwork","_links":{"self":{"href":"https://api.artsy.net/api/artworks/592f220bb202a34d9949c962"},"permalink":{"href":"https://www.artsy.net/artwork/gustav-klimt-tragedy"},"thumbnail":{"href":"https://d32dm0rphc51dk.cloudfront.net/-Bky_W2mQkzRR6HBgPkhpQ/square.jpg"}}},{"type":"artwork","title":"Gustav Klimt, Extase (1919)","description":"Lithograph, 34 ? 51 cm","og_type":"artwork","_links":{"self":{"href":"https://api.artsy.net/api/artworks/5e47253496a65c000e1fdbbf"},"permalink":{"href":"https://www.artsy.net/artwork/gustav-klimt-extase"},"thumbnail":{"href":"https://d32dm0rphc51dk.cloudfront.net/VMzrGhVXCJdSTtcoSkIPAg/square.jpg"}}}]}}
2020-07-28 09:19:39 INFO  Log:26 - Artist link from search: https://api.artsy.net/api/artists/4d8b92b64eb68a1b2c000414
2020-07-28 09:19:39 INFO  Log:26 - Artist id from search: 4d8b92b64eb68a1b2c000414
2020-07-29 09:38:36 INFO  Log:26 - Token: eyJ0eXAiOiJKV1QiLCJhbGciOiJIUzI1NiJ9.eyJyb2xlcyI6IiIsInN1YmplY3RfYXBwbGljYXRpb24iOiI1ZjEyOWEzM2ZhMWFhMDAwMTJmMjJjMzUiLCJleHAiOjE1OTY2MDk1MTUsImlhdCI6MTU5NjAwNDcxNSwiYXVkIjoiNWYxMjlhMzNmYTFhYTAwMDEyZjIyYzM1IiwiaXNzIjoiR3Jhdml0eSIsImp0aSI6IjVmMjExOTZiMDA5ZWFmMDAwZTE3NjY5MyJ9.Xx3f1RRRm-uyy0xhIWohO0WuBuvHWLPoWDdMYXyPjI0
2020-07-29 09:38:37 INFO  Log:26 - Search results: {"total_count":122458,"offset":0,"q":"Leonardo Da Vinci","_links":{"self":{"href":"https://api.artsy.net/api/search?offset=0&q=Leonardo+Da+Vinci&size=10"},"next":{"href":"https://api.artsy.net/api/search?offset=10&q=Leonardo+Da+Vinci&size=10"}},"_embedded":{"results":[{"type":"artist","title":"Leonardo da Vinci","description":null,"og_type":"artist","_links":{"self":{"href":"https://api.artsy.net/api/artists/4d8b92684eb68a1b2c00009e"},"permalink":{"href":"https://www.artsy.net/artist/leonardo-da-vinci"},"thumbnail":{"href":"https://d32dm0rphc51dk.cloudfront.net/s-MV9TavBK6JDW8TGe-Dew/square.jpg"}}},{"type":"artist","title":"Francesco Melzi after Leonardo da Vinci","description":null,"og_type":"artist","_links":{"self":{"href":"https://api.artsy.net/api/artists/515b450038ad2d25a700110f"},"permalink":{"href":"https://www.artsy.net/artist/francesco-melzi-after-leonardo-da-vinci"},"thumbnail":{"href":"https://d32dm0rphc51dk.cloudfront.net/UPOSwswgtSpCPZz7nEaG6g/square.jpg"}}},{"type":"article","title":"Leonardo da Vinci, Animal Lover","description":"The iconic Renaissance man saw in animals not beasts but the ìimage of the world.î","og_type":"article","_links":{"permalink":{"href":"https://www.artsy.net/article/artsy-editorial-leonardo-da-vinci-animal-lover"},"thumbnail":{"href":"https://d7hftxdivxxvm.cloudfront.net/?resize_to=fill&width=70&height=70&quality=95&src=https%3A%2F%2Fartsy-media-uploads.s3.amazonaws.com%2FTR3XJNomvltqV-qiyfmI4Q%252Fcustom-Custom_Size___The_Lady_with_an_Ermine.jpg"}}},{"type":"show","title":"Estructuras volantes. Homenaje a Leonardo da Vinci","description":null,"og_type":"show","_links":{"self":{"href":"https://api.artsy.net/api/shows/5b9f95fa3eac6d0291fc6e2a"},"permalink":{"href":"https://www.artsy.net/show/estructuras-volantes-homenaje-a-leonardo-da-vinci"},"thumbnail":{"href":"/assets/shared/missing_image.png"}}},{"type":"show","title":"LEONARDO DA VINCI ñ The Genius, Universal Artist.","description":null,"og_type":"show","_links":{"self":{"href":"https://api.artsy.net/api/shows/5c8c197f02fb9472e65b7e33"},"permalink":{"href":"https://www.artsy.net/show/leonardo-da-vinci-the-genius-universal-artist"},"thumbnail":{"href":"/assets/shared/missing_image.png"}}},{"type":"article","title":"The second known portrait of Leonardo da Vinci was discovered.","description":"The portrait sketch of the Renaissance master as an old man was found in the holdings of the U.K.ís Royal Collection.","og_type":"article","_links":{"permalink":{"href":"https://www.artsy.net/article/artsy-editorial-second-portrait-leonardo-da-vinci-discovered"},"thumbnail":{"href":"https://d7hftxdivxxvm.cloudfront.net/?resize_to=fill&width=70&height=70&quality=95&src=https%3A%2F%2Fartsy-media-uploads.s3.amazonaws.com%2Ff6UB0j8inuPMwFVL6gusLw%252Fnew-leonardo-portrait-mag.jpg"}}},{"type":"marketing_collection","title":"Andy Warhol: Leonardo da Vinci","description":"<p>In 1963, <a href=\"https://www.artsy.net/artist/leonardo-da-vinci\">Leonardo da Vinci</a>ís The Mona Lisa was exhibited for the first time in New York, launching a media frenzy that caught the attention of <a href=\"https://www.artsy.net/artist/andy-warhol\">Andy Warhol</a>. Amused by the hype of the portrait, Warhol unveiled his own version of the art historical sensation, repeating her smiling face 30 times in <i>Thirty Are Better Than One</i> (1963). In the 1980s, Warhol returned to the greats of art history, obsessively creating his own Pop renditions of masterworks by the Renaissance painters <a href=\"https://www.artsy.net/artist/sandro-botticelli\">Sandro Botticelli</a>, <a href=\"https://www.artsy.net/artist/piero-della-francesca\">Piero Della Francesca</a>, <a href=\"https://www.artsy.net/artist/lucas-cranach-the-elder\">Lucas Cranach the Elder</a>, and <a href=\"https://www.artsy.net/artist/paolo-uccello\">Paolo Uccello</a>, as well as the Modern icons <a href=\"https://www.artsy.net/artist/giorgio-de-chirico\">Giorgio de Chirico</a>, <a href=\"https://www.artsy.net/artist/henri-matisse\">Henri Matisse</a>, <a href=\"https://www.artsy.net/artist/edvard-munch\">Edvard Munch</a>, and <a href=\"https://www.artsy.net/artist/pablo-picasso\">Pablo Picasso</a>. Through his reproductions of iconic works, Warhol showed that a famous artwork can be just as commoditized as a can of <a href=\"https://www.artsy.net/collection/andy-warhol-campbells-soup-can\">Campbellís soup</a>.</p>","og_type":"marketing_collection","_links":{"self":{"href":"https://api.artsy.net/api/marketing_collections/5c4f75699b5c49f92e5eb749"},"permalink":{"href":"https://www.artsy.net/marketing_collection/andy-warhol-leonardo-da-vinci"},"thumbnail":{"href":"https://d32dm0rphc51dk.cloudfront.net/jOsRnAMxkkQLrjX6bftWQA/square.jpg"}}},{"type":"artwork","title":"Doug Keyes, Leonardo da Vinci (2012)","description":"Archival pigment print, 20 ? 14 in","og_type":"artwork","_links":{"self":{"href":"https://api.artsy.net/api/artworks/54b59bd27261691859ba0000"},"permalink":{"href":"https://www.artsy.net/artwork/doug-keyes-leonardo-da-vinci"},"thumbnail":{"href":"https://d32dm0rphc51dk.cloudfront.net/-HGikIHrxt2v6Pv7lbrP5w/square.jpg"}}},{"type":"article","title":"6 Things You Donít Know about Leonardo da Vinci ","description":"The ultimate Renaissance Man led an unconventional life. What helped spur his unbelievable creativity, artistry, and knack for invention?","og_type":"article","_links":{"permalink":{"href":"https://www.artsy.net/article/artsy-editorial-6-things-leonardo-da-vinci"},"thumbnail":{"href":"https://d7hftxdivxxvm.cloudfront.net/?resize_to=fill&width=70&height=70&quality=95&src=https%3A%2F%2Fartsy-media-uploads.s3.amazonaws.com%2FDqIof7-onlpXioD-vItQxg%252FLeonardo%2Bthumb%2B800.jpg"}}},{"type":"artwork","title":"Doug Keyes, Leonardo Da Vinci (2012)","description":"Archival Pigment Print face-mounted to Plexi, 20 ? 14 in","og_type":"artwork","_links":{"self":{"href":"https://api.artsy.net/api/artworks/54dd79fa7261697926110400"},"permalink":{"href":"https://www.artsy.net/artwork/doug-keyes-leonardo-da-vinci-1"},"thumbnail":{"href":"https://d32dm0rphc51dk.cloudfront.net/dkqodeJ5r_vLCBF7VXSXpw/square.jpg"}}}]}}
2020-07-29 09:38:37 INFO  Log:26 - Artist link from search: https://api.artsy.net/api/artists/4d8b92684eb68a1b2c00009e
2020-07-29 09:38:37 INFO  Log:26 - Artist id from search: 4d8b92684eb68a1b2c00009e
2020-07-29 09:41:37 INFO  Log:26 - Token: eyJ0eXAiOiJKV1QiLCJhbGciOiJIUzI1NiJ9.eyJyb2xlcyI6IiIsInN1YmplY3RfYXBwbGljYXRpb24iOiI1ZjEyOWEzM2ZhMWFhMDAwMTJmMjJjMzUiLCJleHAiOjE1OTY2MDk1MTUsImlhdCI6MTU5NjAwNDcxNSwiYXVkIjoiNWYxMjlhMzNmYTFhYTAwMDEyZjIyYzM1IiwiaXNzIjoiR3Jhdml0eSIsImp0aSI6IjVmMjExOTZiMDA5ZWFmMDAwZTE3NjY5MyJ9.Xx3f1RRRm-uyy0xhIWohO0WuBuvHWLPoWDdMYXyPjI0
2020-07-29 09:42:23 INFO  Log:26 - Token: eyJ0eXAiOiJKV1QiLCJhbGciOiJIUzI1NiJ9.eyJyb2xlcyI6IiIsInN1YmplY3RfYXBwbGljYXRpb24iOiI1ZjEyOWEzM2ZhMWFhMDAwMTJmMjJjMzUiLCJleHAiOjE1OTY2MDk1MTUsImlhdCI6MTU5NjAwNDcxNSwiYXVkIjoiNWYxMjlhMzNmYTFhYTAwMDEyZjIyYzM1IiwiaXNzIjoiR3Jhdml0eSIsImp0aSI6IjVmMjExOTZiMDA5ZWFmMDAwZTE3NjY5MyJ9.Xx3f1RRRm-uyy0xhIWohO0WuBuvHWLPoWDdMYXyPjI0
2020-07-29 09:50:27 INFO  Log:26 - Token: eyJ0eXAiOiJKV1QiLCJhbGciOiJIUzI1NiJ9.eyJyb2xlcyI6IiIsInN1YmplY3RfYXBwbGljYXRpb24iOiI1ZjEyOWEzM2ZhMWFhMDAwMTJmMjJjMzUiLCJleHAiOjE1OTY2MDk1MTUsImlhdCI6MTU5NjAwNDcxNSwiYXVkIjoiNWYxMjlhMzNmYTFhYTAwMDEyZjIyYzM1IiwiaXNzIjoiR3Jhdml0eSIsImp0aSI6IjVmMjExOTZiMDA5ZWFmMDAwZTE3NjY5MyJ9.Xx3f1RRRm-uyy0xhIWohO0WuBuvHWLPoWDdMYXyPjI0
2020-07-29 09:53:02 INFO  Log:26 - Token: eyJ0eXAiOiJKV1QiLCJhbGciOiJIUzI1NiJ9.eyJyb2xlcyI6IiIsInN1YmplY3RfYXBwbGljYXRpb24iOiI1ZjEyOWEzM2ZhMWFhMDAwMTJmMjJjMzUiLCJleHAiOjE1OTY2MDk1MTUsImlhdCI6MTU5NjAwNDcxNSwiYXVkIjoiNWYxMjlhMzNmYTFhYTAwMDEyZjIyYzM1IiwiaXNzIjoiR3Jhdml0eSIsImp0aSI6IjVmMjExOTZiMDA5ZWFmMDAwZTE3NjY5MyJ9.Xx3f1RRRm-uyy0xhIWohO0WuBuvHWLPoWDdMYXyPjI0
2020-07-29 10:07:29 INFO  Log:26 - Token: eyJ0eXAiOiJKV1QiLCJhbGciOiJIUzI1NiJ9.eyJyb2xlcyI6IiIsInN1YmplY3RfYXBwbGljYXRpb24iOiI1ZjEyOWEzM2ZhMWFhMDAwMTJmMjJjMzUiLCJleHAiOjE1OTY2MDk1MTUsImlhdCI6MTU5NjAwNDcxNSwiYXVkIjoiNWYxMjlhMzNmYTFhYTAwMDEyZjIyYzM1IiwiaXNzIjoiR3Jhdml0eSIsImp0aSI6IjVmMjExOTZiMDA5ZWFmMDAwZTE3NjY5MyJ9.Xx3f1RRRm-uyy0xhIWohO0WuBuvHWLPoWDdMYXyPjI0
2020-07-29 10:20:03 INFO  Log:26 - Token: eyJ0eXAiOiJKV1QiLCJhbGciOiJIUzI1NiJ9.eyJyb2xlcyI6IiIsInN1YmplY3RfYXBwbGljYXRpb24iOiI1ZjEyOWEzM2ZhMWFhMDAwMTJmMjJjMzUiLCJleHAiOjE1OTY2MDk1MTUsImlhdCI6MTU5NjAwNDcxNSwiYXVkIjoiNWYxMjlhMzNmYTFhYTAwMDEyZjIyYzM1IiwiaXNzIjoiR3Jhdml0eSIsImp0aSI6IjVmMjExOTZiMDA5ZWFmMDAwZTE3NjY5MyJ9.Xx3f1RRRm-uyy0xhIWohO0WuBuvHWLPoWDdMYXyPjI0
2020-07-29 10:20:04 INFO  Log:26 - ID from shows link inside fairs response
2020-07-29 10:21:06 INFO  Log:26 - Token: eyJ0eXAiOiJKV1QiLCJhbGciOiJIUzI1NiJ9.eyJyb2xlcyI6IiIsInN1YmplY3RfYXBwbGljYXRpb24iOiI1ZjEyOWEzM2ZhMWFhMDAwMTJmMjJjMzUiLCJleHAiOjE1OTY2MDk1MTUsImlhdCI6MTU5NjAwNDcxNSwiYXVkIjoiNWYxMjlhMzNmYTFhYTAwMDEyZjIyYzM1IiwiaXNzIjoiR3Jhdml0eSIsImp0aSI6IjVmMjExOTZiMDA5ZWFmMDAwZTE3NjY5MyJ9.Xx3f1RRRm-uyy0xhIWohO0WuBuvHWLPoWDdMYXyPjI0
2020-07-29 10:21:36 INFO  Log:26 - ID from shows link inside fairs response
2020-07-29 10:22:53 INFO  Log:26 - Token: eyJ0eXAiOiJKV1QiLCJhbGciOiJIUzI1NiJ9.eyJyb2xlcyI6IiIsInN1YmplY3RfYXBwbGljYXRpb24iOiI1ZjEyOWEzM2ZhMWFhMDAwMTJmMjJjMzUiLCJleHAiOjE1OTY2MDk1MTUsImlhdCI6MTU5NjAwNDcxNSwiYXVkIjoiNWYxMjlhMzNmYTFhYTAwMDEyZjIyYzM1IiwiaXNzIjoiR3Jhdml0eSIsImp0aSI6IjVmMjExOTZiMDA5ZWFmMDAwZTE3NjY5MyJ9.Xx3f1RRRm-uyy0xhIWohO0WuBuvHWLPoWDdMYXyPjI0
2020-07-29 10:22:54 INFO  Log:26 - https://api.artsy.net/api/shows?fair_id=4dbb0c01771d8967970010a8
2020-07-29 10:22:54 INFO  Log:26 - ID from shows link inside fairs response
2020-07-29 10:24:43 INFO  Log:26 - Token: eyJ0eXAiOiJKV1QiLCJhbGciOiJIUzI1NiJ9.eyJyb2xlcyI6IiIsInN1YmplY3RfYXBwbGljYXRpb24iOiI1ZjEyOWEzM2ZhMWFhMDAwMTJmMjJjMzUiLCJleHAiOjE1OTY2MDk1MTUsImlhdCI6MTU5NjAwNDcxNSwiYXVkIjoiNWYxMjlhMzNmYTFhYTAwMDEyZjIyYzM1IiwiaXNzIjoiR3Jhdml0eSIsImp0aSI6IjVmMjExOTZiMDA5ZWFmMDAwZTE3NjY5MyJ9.Xx3f1RRRm-uyy0xhIWohO0WuBuvHWLPoWDdMYXyPjI0
2020-07-29 10:24:45 INFO  Log:26 - ID from shows link inside fairs response4dbb0c01771d8967970010a8
